<?xml version="1.0" encoding="UTF-8"?>
<!-- Generated by org.testng.reporters.JUnitReportReporter -->
<testsuite hostname="hp-PC" failures="0" tests="2" name="com.googleApp.test.TestClass" time="168.551" errors="0" timestamp="2022-01-20T22:29:57 IST" skipped="0">
  <testcase classname="com.googleApp.test.TestClass" name="testCase2" time="64.174"/>
  <system-out/>
  <testcase classname="com.googleApp.test.TestClass" name="testCase1" time="104.377"/>
  <system-out/>
</testsuite> <!-- com.googleApp.test.TestClass -->
