<?xml version="1.0" encoding="UTF-8"?>
<!-- Generated by org.testng.reporters.JUnitReportReporter -->
<testsuite hostname="hp-PC" failures="0" tests="2" name="com.googleApp.test.TestClass" time="34.392" errors="0" timestamp="2021-10-24T15:46:03 IST" skipped="0">
  <testcase classname="com.googleApp.test.TestClass" name="testCase1" time="20.231"/>
  <system-out/>
  <testcase classname="com.googleApp.test.TestClass" name="testCase2" time="14.161"/>
  <system-out/>
</testsuite> <!-- com.googleApp.test.TestClass -->
