<?xml version="1.0" encoding="UTF-8"?>
<!-- Generated by org.testng.reporters.JUnitReportReporter -->
<testsuite hostname="hp-PC" name="testCase.TestCaseChromeA" tests="1" failures="0" timestamp="15 Jun 2020 08:52:41 GMT" time="56.044" errors="0">
  <testcase name="TestMethod" time="56.044" classname="testCase.TestCaseChromeA"/>
</testsuite> <!-- testCase.TestCaseChromeA -->
