<?xml version="1.0" encoding="UTF-8"?>
<!-- Generated by org.testng.reporters.JUnitReportReporter -->
<testsuite hostname="hp-PC" failures="0" tests="2" name="com.googleApp.test.TestClass" time="60.953" errors="0" timestamp="2021-11-05T18:57:22 IST" skipped="0">
  <testcase classname="com.googleApp.test.TestClass" name="testCase2" time="27.783"/>
  <system-out/>
  <testcase classname="com.googleApp.test.TestClass" name="testCase1" time="33.170"/>
  <system-out/>
</testsuite> <!-- com.googleApp.test.TestClass -->
