<?xml version="1.0" encoding="UTF-8"?>
<!-- Generated by org.testng.reporters.JUnitReportReporter -->
<testsuite hostname="hp-PC" failures="0" tests="2" name="com.googleApp.test.TestClass" time="13.840" errors="0" timestamp="2021-10-22T16:54:34 IST" skipped="0">
  <testcase classname="com.googleApp.test.TestClass" name="testCase2" time="6.241"/>
  <system-out/>
  <testcase classname="com.googleApp.test.TestClass" name="testCase1" time="7.599"/>
  <system-out/>
</testsuite> <!-- com.googleApp.test.TestClass -->
