<?xml version="1.0" encoding="UTF-8"?>
<!-- Generated by org.testng.reporters.JUnitReportReporter -->
<testsuite hostname="hp-PC" name="testpack.TestClass" tests="1" failures="0" timestamp="22 Mar 2020 13:23:15 GMT" time="0.020" errors="0">
  <testcase name="testmethod" time="0.020" classname="testpack.TestClass"/>
</testsuite> <!-- testpack.TestClass -->
