<?xml version="1.0" encoding="UTF-8"?>
<!-- Generated by org.testng.reporters.JUnitReportReporter -->
<testsuite hostname="hp-PC" name="testCase.TestCaseChromeB" tests="1" failures="0" timestamp="15 Jun 2020 08:52:41 GMT" time="50.571" errors="0">
  <testcase name="TestMethod" time="50.571" classname="testCase.TestCaseChromeB"/>
</testsuite> <!-- testCase.TestCaseChromeB -->
