<?xml version="1.0" encoding="UTF-8"?>
<!-- Generated by org.testng.reporters.JUnitReportReporter -->
<testsuite hostname="hp-PC" name="testCase.TestCaseChromeA" tests="1" failures="0" timestamp="13 Jun 2020 05:21:50 GMT" time="0.000" errors="0">
  <testcase name="TestMethod" time="0.000" classname="testCase.TestCaseChromeA"/>
</testsuite> <!-- testCase.TestCaseChromeA -->
